28-02-2019 02:58:17.565 | [DEBUG:] Debug Mode is Enabled. Everything will show here.
28-02-2019 02:58:17.570 | [DEBUG:] =======================
28-02-2019 02:58:17.570 | [DEBUG:] Connecting to SQL database: comp-hons.uhi.ac.uk/pe10004084
28-02-2019 02:58:18.171 | [DEBUG:] [32m=======================[0m
28-02-2019 02:58:18.171 | [DEBUG:] Loading Flight Database
28-02-2019 02:58:18.171 | [DEBUG:] [32m=======================[0m
28-02-2019 02:58:18.173 | [DEBUG:] [34mFlight: 'KL65' Loaded from Database[0m
28-02-2019 02:58:18.173 | [DEBUG:] [34mFlight: 'fe3' Loaded from Database[0m
28-02-2019 02:58:18.173 | [DEBUG:] [34mFlight: 'RYR290' Loaded from Database[0m
28-02-2019 02:58:18.174 | [DEBUG:] [34mFlight: 'RYR291' Loaded from Database[0m
28-02-2019 02:58:18.174 | [DEBUG:] [34mFlight: 'EZY143' Loaded from Database[0m
28-02-2019 02:58:18.174 | [DEBUG:] [34mFlight: 'BA1921' Loaded from Database[0m
28-02-2019 02:58:18.174 | [DEBUG:] [34mFlight: 'BA1923' Loaded from Database[0m
28-02-2019 02:58:18.175 | [DEBUG:] [34mFlight: 'efsf' Loaded from Database[0m
28-02-2019 02:58:18.175 | [DEBUG:] [34mFlight: 'EZY142' Loaded from Database[0m
28-02-2019 02:58:18.175 | [INFO:] Flights Imported
28-02-2019 02:58:18.175 | [DEBUG:] [32m===================================[0m
28-02-2019 02:58:18.175 | [DEBUG:] Loading Seat and Passenger Database
28-02-2019 02:58:18.175 | [DEBUG:] [32m===================================[0m
28-02-2019 02:58:18.957 | [INFO:] Passengers Imported
28-02-2019 02:58:18.957 | [DEBUG:] [34mSeat 1b' on flight: 'RYR291' Loaded from Database[0m
28-02-2019 02:58:19.379 | [DEBUG:] [34mPassenger: 'deab' on flight: 'RYR290' Loaded from database[0m
28-02-2019 02:58:19.379 | [INFO:] Passengers Imported
28-02-2019 02:58:19.379 | [DEBUG:] [34mSeat 1F' on flight: 'RYR290' Loaded from Database[0m
28-02-2019 02:58:19.379 | [INFO:] Seats Imported
28-02-2019 02:58:19.379 | [DEBUG:] UI DEBUG:[32m Dark Mode Enabled![0m
28-02-2019 02:58:19.746 | [DEBUG:] UI DEBUG:[32m GUI Loaded[0m
28-02-2019 02:58:23.586 | [DEBUG:] [FlightNo:, RYR291, Depature:, DUB, Arrival:, CDF, Date:, 2019-03-01]
28-02-2019 02:58:23.586 | [DEBUG:] couk.deanreid.scotiaairlines.core.Flight@7a053636
28-02-2019 02:58:42.372 | [DEBUG:] POPUP DEBUG:  | Header: Program Exit | Message: Adding changes to the database!
