28-02-2019 01:53:29.511 | [DEBUG:] Debug Mode is Enabled. Everything will show here.
28-02-2019 01:53:29.516 | [DEBUG:] =======================
28-02-2019 01:53:29.516 | [DEBUG:] Connecting to SQL database: comp-hons.uhi.ac.uk/pe10004084
28-02-2019 01:53:30.284 | [DEBUG:] [32m=======================[0m
28-02-2019 01:53:30.285 | [DEBUG:] Loading Flight Database
28-02-2019 01:53:30.285 | [DEBUG:] [32m=======================[0m
28-02-2019 01:53:30.290 | [DEBUG:] [34mFlight: 'KL65' Loaded from Database[0m
28-02-2019 01:53:30.291 | [DEBUG:] [34mFlight: 'fe3' Loaded from Database[0m
28-02-2019 01:53:30.291 | [DEBUG:] [34mFlight: 'RYR290' Loaded from Database[0m
28-02-2019 01:53:30.291 | [DEBUG:] [34mFlight: 'RYR291' Loaded from Database[0m
28-02-2019 01:53:30.293 | [DEBUG:] [34mFlight: 'EZY143' Loaded from Database[0m
28-02-2019 01:53:30.293 | [DEBUG:] [34mFlight: 'BA1921' Loaded from Database[0m
28-02-2019 01:53:30.293 | [DEBUG:] [34mFlight: 'BA1923' Loaded from Database[0m
28-02-2019 01:53:30.294 | [DEBUG:] [34mFlight: 'efsf' Loaded from Database[0m
28-02-2019 01:53:30.294 | [DEBUG:] [34mFlight: 'EZY142' Loaded from Database[0m
28-02-2019 01:53:30.294 | [INFO:] Flights Imported
28-02-2019 01:53:30.294 | [DEBUG:] [32m===================================[0m
28-02-2019 01:53:30.294 | [DEBUG:] Loading Seat and Passenger Database
28-02-2019 01:53:30.295 | [DEBUG:] [32m===================================[0m
28-02-2019 01:53:31.097 | [DEBUG:] [34mPassenger: 'dean1' on flight: 'RYR291' Loaded from database[0m
28-02-2019 01:53:31.097 | [INFO:] Passengers Imported
28-02-2019 01:53:31.097 | [DEBUG:] [34mSeat 1b' on flight: 'RYR291' Loaded from Database[0m
28-02-2019 01:53:31.476 | [DEBUG:] [34mPassenger: 'dwadwd' on flight: 'RYR290' Loaded from database[0m
28-02-2019 01:53:31.476 | [INFO:] Passengers Imported
28-02-2019 01:53:31.476 | [DEBUG:] [34mSeat 1H' on flight: 'RYR290' Loaded from Database[0m
28-02-2019 01:53:31.477 | [INFO:] Seats Imported
28-02-2019 01:53:31.477 | [DEBUG:] UI DEBUG:[32m Dark Mode Enabled![0m
